-------------------------------------------------------------------------------
Test set: com.paymentchain.transaction.TransactionApplicationTests
-------------------------------------------------------------------------------
Tests run: 1, Failures: 0, Errors: 1, Skipped: 0, Time elapsed: 1.102 s <<< FAILURE! - in com.paymentchain.transaction.TransactionApplicationTests
com.paymentchain.transaction.TransactionApplicationTests.contextLoads  Time elapsed: 0.034 s  <<< ERROR!
java.lang.IllegalStateException: Failed to load ApplicationContext
Caused by: org.springframework.cloud.commons.ConfigDataMissingEnvironmentPostProcessor$ImportException: No spring.config.import set

